[0.744s] Invoking command in '/home/kunal/Project01/src/turtle_controller': PYTHONPATH=/home/kunal/Project01/build/turtle_controller/prefix_override:/usr/lib/python3/dist-packages/colcon_core/task/python/colcon_distutils_commands:/home/kunal/Project01/install/turtle_controller/lib/python3.10/site-packages:${PYTHONPATH} /usr/bin/python3 -W ignore:setup.py install is deprecated -W ignore:easy_install command is deprecated setup.py egg_info --egg-base ../../build/turtle_controller build --build-base /home/kunal/Project01/build/turtle_controller/build install --record /home/kunal/Project01/build/turtle_controller/install.log --single-version-externally-managed install_data
[0.881s] running egg_info
[0.881s] creating ../../build/turtle_controller/turtle_controller.egg-info
[0.881s] writing ../../build/turtle_controller/turtle_controller.egg-info/PKG-INFO
[0.881s] writing dependency_links to ../../build/turtle_controller/turtle_controller.egg-info/dependency_links.txt
[0.881s] writing entry points to ../../build/turtle_controller/turtle_controller.egg-info/entry_points.txt
[0.881s] writing requirements to ../../build/turtle_controller/turtle_controller.egg-info/requires.txt
[0.881s] writing top-level names to ../../build/turtle_controller/turtle_controller.egg-info/top_level.txt
[0.881s] writing manifest file '../../build/turtle_controller/turtle_controller.egg-info/SOURCES.txt'
[0.882s] reading manifest file '../../build/turtle_controller/turtle_controller.egg-info/SOURCES.txt'
[0.883s] writing manifest file '../../build/turtle_controller/turtle_controller.egg-info/SOURCES.txt'
[0.883s] running build
[0.883s] running build_py
[0.883s] creating /home/kunal/Project01/build/turtle_controller/build
[0.883s] creating /home/kunal/Project01/build/turtle_controller/build/lib
[0.883s] creating /home/kunal/Project01/build/turtle_controller/build/lib/turtle_controller
[0.883s] copying turtle_controller/__init__.py -> /home/kunal/Project01/build/turtle_controller/build/lib/turtle_controller
[0.883s] running install
[0.884s] running install_lib
[0.884s] creating /home/kunal/Project01/install/turtle_controller/lib/python3.10/site-packages/turtle_controller
[0.884s] copying /home/kunal/Project01/build/turtle_controller/build/lib/turtle_controller/__init__.py -> /home/kunal/Project01/install/turtle_controller/lib/python3.10/site-packages/turtle_controller
[0.884s] byte-compiling /home/kunal/Project01/install/turtle_controller/lib/python3.10/site-packages/turtle_controller/__init__.py to __init__.cpython-310.pyc
[0.884s] running install_data
[0.884s] creating /home/kunal/Project01/install/turtle_controller/share/ament_index
[0.884s] creating /home/kunal/Project01/install/turtle_controller/share/ament_index/resource_index
[0.884s] creating /home/kunal/Project01/install/turtle_controller/share/ament_index/resource_index/packages
[0.885s] copying resource/turtle_controller -> /home/kunal/Project01/install/turtle_controller/share/ament_index/resource_index/packages
[0.885s] copying package.xml -> /home/kunal/Project01/install/turtle_controller/share/turtle_controller
[0.885s] running install_egg_info
[0.889s] Copying ../../build/turtle_controller/turtle_controller.egg-info to /home/kunal/Project01/install/turtle_controller/lib/python3.10/site-packages/turtle_controller-0.0.0-py3.10.egg-info
[0.889s] running install_scripts
[0.900s] writing list of installed files to '/home/kunal/Project01/build/turtle_controller/install.log'
[0.913s] Invoked command in '/home/kunal/Project01/src/turtle_controller' returned '0': PYTHONPATH=/home/kunal/Project01/build/turtle_controller/prefix_override:/usr/lib/python3/dist-packages/colcon_core/task/python/colcon_distutils_commands:/home/kunal/Project01/install/turtle_controller/lib/python3.10/site-packages:${PYTHONPATH} /usr/bin/python3 -W ignore:setup.py install is deprecated -W ignore:easy_install command is deprecated setup.py egg_info --egg-base ../../build/turtle_controller build --build-base /home/kunal/Project01/build/turtle_controller/build install --record /home/kunal/Project01/build/turtle_controller/install.log --single-version-externally-managed install_data
